<?xml version="1.0" encoding="UTF-8"?>
<testsuite name="com.animus.smartroom.core.overlay.OverlayEventPolicyTest" tests="5" skipped="0" failures="0" errors="0" timestamp="2026-08-21T16:19:42" hostname="ANIMUS" time="0.003">
  <properties/>
  <testcase name="ac completed event surfaces immediately" classname="com.animus.smartroom.core.overlay.OverlayEventPolicyTest" time="0.002"/>
  <testcase name="low level precondition stage shows only if visible" classname="com.animus.smartroom.core.overlay.OverlayEventPolicyTest" time="0.0"/>
  <testcase name="music resolving event surfaces immediately" classname="com.animus.smartroom.core.overlay.OverlayEventPolicyTest" time="0.0"/>
  <testcase name="music completed event surfaces as music persistent" classname="com.animus.smartroom.core.overlay.OverlayEventPolicyTest" time="0.0"/>
  <testcase name="scheduled timer triggered or completed surfaces timer completion" classname="com.animus.smartroom.core.overlay.OverlayEventPolicyTest" time="0.0"/>
  <system-out><![CDATA[]]></system-out>
  <system-err><![CDATA[]]></system-err>
</testsuite>
