<?xml version="1.0" encoding="UTF-8"?>
<testsuite name="com.animus.smartroom.core.diagnostics.EventLifecycleTest" tests="2" skipped="0" failures="0" errors="0" timestamp="2026-08-21T16:19:42" hostname="ANIMUS" time="0.006">
  <properties/>
  <testcase name="cancelled action records CANCELLED stage and status" classname="com.animus.smartroom.core.diagnostics.EventLifecycleTest" time="0.001"/>
  <testcase name="standard action progresses through complete lifecycle successfully" classname="com.animus.smartroom.core.diagnostics.EventLifecycleTest" time="0.004"/>
  <system-out><![CDATA[]]></system-out>
  <system-err><![CDATA[]]></system-err>
</testsuite>
