<?xml version="1.0" encoding="UTF-8"?>
<testsuite name="com.animus.smartroom.core.diagnostics.AcEventIntegrationTest" tests="1" skipped="0" failures="0" errors="0" timestamp="2026-08-21T16:19:42" hostname="ANIMUS" time="0.009">
  <properties/>
  <testcase name="setting temperature on OFF AC emits precondition and completion events" classname="com.animus.smartroom.core.diagnostics.AcEventIntegrationTest" time="0.009"/>
  <system-out><![CDATA[]]></system-out>
  <system-err><![CDATA[]]></system-err>
</testsuite>
