<?xml version="1.0" encoding="UTF-8"?>
<testsuite name="com.animus.smartroom.device.DeviceCapabilityTest" tests="2" skipped="0" failures="0" errors="0" timestamp="2026-08-21T15:02:07" hostname="ANIMUS" time="0.004">
  <properties/>
  <testcase name="testRoomDeviceCapabilitySupport" classname="com.animus.smartroom.device.DeviceCapabilityTest" time="0.002"/>
  <testcase name="testCapabilityFromStringParsing" classname="com.animus.smartroom.device.DeviceCapabilityTest" time="0.002"/>
  <system-out><![CDATA[]]></system-out>
  <system-err><![CDATA[]]></system-err>
</testsuite>
