<?xml version="1.0" encoding="UTF-8"?>
<testsuite name="com.animus.smartroom.core.memory.PrivacyDiagnosticTest" tests="2" skipped="0" failures="0" errors="0" timestamp="2026-08-21T16:19:42" hostname="ANIMUS" time="0.001">
  <properties/>
  <testcase name="Memory diagnostic logging contains only safe high-level metadata" classname="com.animus.smartroom.core.memory.PrivacyDiagnosticTest" time="0.001"/>
  <testcase name="Preference diagnostics do not log credentials or sensitive tokens" classname="com.animus.smartroom.core.memory.PrivacyDiagnosticTest" time="0.0"/>
  <system-out><![CDATA[]]></system-out>
  <system-err><![CDATA[]]></system-err>
</testsuite>
