<?xml version="1.0" encoding="UTF-8"?>
<testsuite name="com.animus.smartroom.core.simulation.CoreHostIntegrationTest" tests="1" skipped="0" failures="0" errors="0" timestamp="2026-08-21T15:23:01" hostname="ANIMUS" time="0.005">
  <properties/>
  <testcase name="Full end-to-end Animus session lifecycle on pure JVM host" classname="com.animus.smartroom.core.simulation.CoreHostIntegrationTest" time="0.005"/>
  <system-out><![CDATA[]]></system-out>
  <system-err><![CDATA[]]></system-err>
</testsuite>
