<?xml version="1.0" encoding="UTF-8"?>
<testsuite name="com.animus.smartroom.core.memory.BrainContextMemoryTest" tests="2" skipped="0" failures="0" errors="0" timestamp="2026-08-21T14:18:25" hostname="ANIMUS" time="0.005">
  <properties/>
  <testcase name="BrainContext bounds memory events to maximum limit" classname="com.animus.smartroom.core.memory.BrainContextMemoryTest" time="0.004"/>
  <testcase name="BrainContext handles empty memory gracefully" classname="com.animus.smartroom.core.memory.BrainContextMemoryTest" time="0.001"/>
  <system-out><![CDATA[]]></system-out>
  <system-err><![CDATA[]]></system-err>
</testsuite>
