<?xml version="1.0" encoding="UTF-8"?>
<testsuite name="com.animus.smartroom.core.simulation.FakeCoreHostSimulationTest" tests="4" skipped="0" failures="0" errors="0" timestamp="2026-08-21T14:18:25" hostname="ANIMUS" time="0.145">
  <properties/>
  <testcase name="Simulate scenario Play Zara Zara on future host" classname="com.animus.smartroom.core.simulation.FakeCoreHostSimulationTest" time="0.08"/>
  <testcase name="Simulate scenario Memory, Daily Summary and Morning Briefing on future host" classname="com.animus.smartroom.core.simulation.FakeCoreHostSimulationTest" time="0.04"/>
  <testcase name="Simulate scenario Turn AC off after 2 minutes on future host" classname="com.animus.smartroom.core.simulation.FakeCoreHostSimulationTest" time="0.021"/>
  <testcase name="Simulate scenario Set AC to 24 degrees on future host" classname="com.animus.smartroom.core.simulation.FakeCoreHostSimulationTest" time="0.004"/>
  <system-out><![CDATA[]]></system-out>
  <system-err><![CDATA[]]></system-err>
</testsuite>
