<?xml version="1.0" encoding="UTF-8"?>
<testsuite name="com.animus.smartroom.scheduler.DeviceSchedulerWithFakeClockTest" tests="3" skipped="0" failures="0" errors="0" timestamp="2026-08-21T14:18:25" hostname="ANIMUS" time="0.003">
  <properties/>
  <testcase name="cancelAction disarms platform scheduler and updates storage" classname="com.animus.smartroom.scheduler.DeviceSchedulerWithFakeClockTest" time="0.001"/>
  <testcase name="scheduleAction cancels superseded active timer for same device" classname="com.animus.smartroom.scheduler.DeviceSchedulerWithFakeClockTest" time="0.001"/>
  <testcase name="scheduleAction with 30 minute delay arms platform scheduler with exact timestamp" classname="com.animus.smartroom.scheduler.DeviceSchedulerWithFakeClockTest" time="0.001"/>
  <system-out><![CDATA[]]></system-out>
  <system-err><![CDATA[]]></system-err>
</testsuite>
