<?xml version="1.0" encoding="UTF-8"?>
<testsuite name="com.animus.smartroom.core.memory.MemorySerializationTest" tests="8" skipped="0" failures="0" errors="0" timestamp="2026-08-21T16:19:42" hostname="ANIMUS" time="0.011">
  <properties/>
  <testcase name="RoutineHistoryEvent roundtrip serialization" classname="com.animus.smartroom.core.memory.MemorySerializationTest" time="0.002"/>
  <testcase name="PreferenceEvent roundtrip serialization" classname="com.animus.smartroom.core.memory.MemorySerializationTest" time="0.002"/>
  <testcase name="DevicePreferenceEvent roundtrip serialization" classname="com.animus.smartroom.core.memory.MemorySerializationTest" time="0.003"/>
  <testcase name="DailyActivityEvent roundtrip serialization" classname="com.animus.smartroom.core.memory.MemorySerializationTest" time="0.001"/>
  <testcase name="LearningEvent roundtrip serialization" classname="com.animus.smartroom.core.memory.MemorySerializationTest" time="0.0"/>
  <testcase name="ProjectProgressEvent roundtrip serialization" classname="com.animus.smartroom.core.memory.MemorySerializationTest" time="0.002"/>
  <testcase name="Malformed or unknown JSON returns null without throwing" classname="com.animus.smartroom.core.memory.MemorySerializationTest" time="0.0"/>
  <testcase name="SystemMilestoneEvent roundtrip serialization" classname="com.animus.smartroom.core.memory.MemorySerializationTest" time="0.001"/>
  <system-out><![CDATA[]]></system-out>
  <system-err><![CDATA[]]></system-err>
</testsuite>
