<?xml version="1.0" encoding="UTF-8"?>
<testsuite name="com.animus.smartroom.core.memory.MemoryQueryEngineTest" tests="6" skipped="0" failures="0" errors="0" timestamp="2026-08-21T14:18:25" hostname="ANIMUS" time="0.01">
  <properties/>
  <testcase name="Filter by topic query" classname="com.animus.smartroom.core.memory.MemoryQueryEngineTest" time="0.003"/>
  <testcase name="Limit constraint truncates results" classname="com.animus.smartroom.core.memory.MemoryQueryEngineTest" time="0.001"/>
  <testcase name="Filter by project query" classname="com.animus.smartroom.core.memory.MemoryQueryEngineTest" time="0.001"/>
  <testcase name="Filter by source" classname="com.animus.smartroom.core.memory.MemoryQueryEngineTest" time="0.001"/>
  <testcase name="Filter by category returns only matching items" classname="com.animus.smartroom.core.memory.MemoryQueryEngineTest" time="0.001"/>
  <testcase name="Filter by timestamp range" classname="com.animus.smartroom.core.memory.MemoryQueryEngineTest" time="0.002"/>
  <system-out><![CDATA[]]></system-out>
  <system-err><![CDATA[]]></system-err>
</testsuite>
