<?xml version="1.0" encoding="UTF-8"?>
<testsuite name="com.animus.smartroom.core.audit.CoreAndroidLeakageTest" tests="1" skipped="0" failures="0" errors="0" timestamp="2026-08-21T14:18:25" hostname="ANIMUS" time="0.034">
  <properties/>
  <testcase name="Verify zero Android framework dependencies in core main source files" classname="com.animus.smartroom.core.audit.CoreAndroidLeakageTest" time="0.034"/>
  <system-out><![CDATA[]]></system-out>
  <system-err><![CDATA[]]></system-err>
</testsuite>
