<?xml version="1.0" encoding="UTF-8"?>
<testsuite name="com.animus.smartroom.core.memory.MorningBriefingBuilderTest" tests="2" skipped="0" failures="0" errors="0" timestamp="2026-08-21T15:02:06" hostname="ANIMUS" time="0.008">
  <properties/>
  <testcase name="Synthesize yesterday highlights, active learning, and project status" classname="com.animus.smartroom.core.memory.MorningBriefingBuilderTest" time="0.008"/>
  <testcase name="Empty inputs produce clean deterministic briefing" classname="com.animus.smartroom.core.memory.MorningBriefingBuilderTest" time="0.0"/>
  <system-out><![CDATA[]]></system-out>
  <system-err><![CDATA[]]></system-err>
</testsuite>
